INFO [2024-12-06 10:15:49] $x
INFO [2024-12-06 10:15:49] list(nodes_flagged_ids_betweenness$node_id, nodes_flagged_ids_eigenvector$node_id)
INFO [2024-12-06 10:15:49] 
INFO [2024-12-06 10:15:49] $category.names
INFO [2024-12-06 10:15:49] c("Betweenness Centrality", "Eigenvector Centrality")
INFO [2024-12-06 10:15:49] 
INFO [2024-12-06 10:15:49] $filename
INFO [2024-12-06 10:15:49] NULL
INFO [2024-12-06 10:15:49] 
INFO [2024-12-06 10:15:49] $width
INFO [2024-12-06 10:15:49] [1] 10
INFO [2024-12-06 10:15:49] 
INFO [2024-12-06 10:15:49] $main
INFO [2024-12-06 10:15:49] [1] "Venn Diagram of the number of Overlapping Flagged Nodes from the different centrality metrics"
INFO [2024-12-06 10:15:49] 
INFO [2024-12-06 10:15:49] $output
INFO [2024-12-06 10:15:49] [1] TRUE
INFO [2024-12-06 10:15:49] 
INFO [2024-12-06 10:15:49] $lwd
INFO [2024-12-06 10:15:49] [1] 1
INFO [2024-12-06 10:15:49] 
INFO [2024-12-06 10:15:49] $fill
INFO [2024-12-06 10:15:49] c("red", "green")
INFO [2024-12-06 10:15:49] 
INFO [2024-12-06 10:15:49] $alpha
INFO [2024-12-06 10:15:49] [1] 0.3
INFO [2024-12-06 10:15:49] 
INFO [2024-12-06 10:15:49] $cex
INFO [2024-12-06 10:15:49] [1] 0.75
INFO [2024-12-06 10:15:49] 
INFO [2024-12-06 10:15:49] $cat.cex
INFO [2024-12-06 10:15:49] [1] 0.65
INFO [2024-12-06 10:15:49] 
