INFO [2024-12-06 09:21:22] $x
INFO [2024-12-06 09:21:22] list(nodes_flagged_ids_betweenness$node_id, nodes_flagged_ids_eigenvector$node_id)
INFO [2024-12-06 09:21:22] 
INFO [2024-12-06 09:21:22] $category.names
INFO [2024-12-06 09:21:22] c("Betweenness Centrality", "Eigenvector Centrality")
INFO [2024-12-06 09:21:22] 
INFO [2024-12-06 09:21:22] $filename
INFO [2024-12-06 09:21:22] NULL
INFO [2024-12-06 09:21:22] 
INFO [2024-12-06 09:21:22] $main
INFO [2024-12-06 09:21:22] [1] "Venn Diagram of the number of Overlapping Flagged Nodes from the different centrality metrics"
INFO [2024-12-06 09:21:22] 
INFO [2024-12-06 09:21:22] $output
INFO [2024-12-06 09:21:22] [1] TRUE
INFO [2024-12-06 09:21:22] 
INFO [2024-12-06 09:21:22] $fill
INFO [2024-12-06 09:21:22] c("red", "green")
INFO [2024-12-06 09:21:22] 
INFO [2024-12-06 09:21:22] $alpha
INFO [2024-12-06 09:21:22] [1] 0.5
INFO [2024-12-06 09:21:22] 
INFO [2024-12-06 09:21:22] $cex
INFO [2024-12-06 09:21:22] [1] 0.75
INFO [2024-12-06 09:21:22] 
INFO [2024-12-06 09:21:22] $cat.cex
INFO [2024-12-06 09:21:22] [1] 0.75
INFO [2024-12-06 09:21:22] 
