INFO [2024-12-04 08:42:29] $x
INFO [2024-12-04 08:42:29] list(nodes_flagged_ids_betweenness$node_id, nodes_flagged_ids_eigenvector$node_id)
INFO [2024-12-04 08:42:29] 
INFO [2024-12-04 08:42:29] $category.names
INFO [2024-12-04 08:42:29] c("Betweenness Centrality", "Eigenvector Centrality")
INFO [2024-12-04 08:42:29] 
INFO [2024-12-04 08:42:29] $filename
INFO [2024-12-04 08:42:29] NULL
INFO [2024-12-04 08:42:29] 
INFO [2024-12-04 08:42:29] $main
INFO [2024-12-04 08:42:29] [1] "Venn Diagram of the number of Overlapping Flagged Nodes from the different centrality metrics"
INFO [2024-12-04 08:42:29] 
INFO [2024-12-04 08:42:29] $output
INFO [2024-12-04 08:42:29] [1] TRUE
INFO [2024-12-04 08:42:29] 
INFO [2024-12-04 08:42:29] $fill
INFO [2024-12-04 08:42:29] c("red", "green")
INFO [2024-12-04 08:42:29] 
INFO [2024-12-04 08:42:29] $alpha
INFO [2024-12-04 08:42:29] [1] 0.5
INFO [2024-12-04 08:42:29] 
INFO [2024-12-04 08:42:29] $cex
INFO [2024-12-04 08:42:29] [1] 0.75
INFO [2024-12-04 08:42:29] 
INFO [2024-12-04 08:42:29] $cat.cex
INFO [2024-12-04 08:42:29] [1] 0.75
INFO [2024-12-04 08:42:29] 
