INFO [2024-12-06 10:14:07] $x
INFO [2024-12-06 10:14:07] list(nodes_flagged_ids_betweenness$node_id, nodes_flagged_ids_eigenvector$node_id)
INFO [2024-12-06 10:14:07] 
INFO [2024-12-06 10:14:07] $category.names
INFO [2024-12-06 10:14:07] c("Betweenness Centrality", "Eigenvector Centrality")
INFO [2024-12-06 10:14:07] 
INFO [2024-12-06 10:14:07] $filename
INFO [2024-12-06 10:14:07] NULL
INFO [2024-12-06 10:14:07] 
INFO [2024-12-06 10:14:07] $main
INFO [2024-12-06 10:14:07] [1] "Venn Diagram of the number of Overlapping Flagged Nodes from the different centrality metrics"
INFO [2024-12-06 10:14:07] 
INFO [2024-12-06 10:14:07] $output
INFO [2024-12-06 10:14:07] [1] TRUE
INFO [2024-12-06 10:14:07] 
INFO [2024-12-06 10:14:07] $lwd
INFO [2024-12-06 10:14:07] [1] 1
INFO [2024-12-06 10:14:07] 
INFO [2024-12-06 10:14:07] $fill
INFO [2024-12-06 10:14:07] c("red", "green")
INFO [2024-12-06 10:14:07] 
INFO [2024-12-06 10:14:07] $alpha
INFO [2024-12-06 10:14:07] [1] 0.3
INFO [2024-12-06 10:14:07] 
INFO [2024-12-06 10:14:07] $cex
INFO [2024-12-06 10:14:07] [1] 0.75
INFO [2024-12-06 10:14:07] 
INFO [2024-12-06 10:14:07] $cat.cex
INFO [2024-12-06 10:14:07] [1] 0.65
INFO [2024-12-06 10:14:07] 
