INFO [2024-12-06 06:21:55] $x
INFO [2024-12-06 06:21:55] list(nodes_flagged_ids_betweenness$node_id, nodes_flagged_ids_eigenvector$node_id)
INFO [2024-12-06 06:21:55] 
INFO [2024-12-06 06:21:55] $category.names
INFO [2024-12-06 06:21:55] c("Betweenness Centrality", "Eigenvector Centrality")
INFO [2024-12-06 06:21:55] 
INFO [2024-12-06 06:21:55] $filename
INFO [2024-12-06 06:21:55] NULL
INFO [2024-12-06 06:21:55] 
INFO [2024-12-06 06:21:55] $main
INFO [2024-12-06 06:21:55] [1] "Venn Diagram of the number of Overlapping Flagged Nodes from the different centrality metrics"
INFO [2024-12-06 06:21:55] 
INFO [2024-12-06 06:21:55] $output
INFO [2024-12-06 06:21:55] [1] TRUE
INFO [2024-12-06 06:21:55] 
INFO [2024-12-06 06:21:55] $fill
INFO [2024-12-06 06:21:55] c("red", "green")
INFO [2024-12-06 06:21:55] 
INFO [2024-12-06 06:21:55] $alpha
INFO [2024-12-06 06:21:55] [1] 0.5
INFO [2024-12-06 06:21:55] 
INFO [2024-12-06 06:21:55] $cex
INFO [2024-12-06 06:21:55] [1] 0.75
INFO [2024-12-06 06:21:55] 
INFO [2024-12-06 06:21:55] $cat.cex
INFO [2024-12-06 06:21:55] [1] 0.75
INFO [2024-12-06 06:21:55] 
