INFO [2024-12-01 02:43:21] $x
INFO [2024-12-01 02:43:21] list(nodes_flagged_ids_betweenness$node_id, nodes_flagged_ids_eigenvector$node_id, 
INFO [2024-12-01 02:43:21]     nodes_flagged_ids_pagerank$node_id)
INFO [2024-12-01 02:43:21] 
INFO [2024-12-01 02:43:21] $category.names
INFO [2024-12-01 02:43:21] c("Betweenness Centrality", "Eigenvector Centrality", "PageRank Centrality")
INFO [2024-12-01 02:43:21] 
INFO [2024-12-01 02:43:21] $filename
INFO [2024-12-01 02:43:21] NULL
INFO [2024-12-01 02:43:21] 
INFO [2024-12-01 02:43:21] $main
INFO [2024-12-01 02:43:21] [1] "Venn Diagram of Overlapping Flagged Nodes from the different centrality metrics"
INFO [2024-12-01 02:43:21] 
INFO [2024-12-01 02:43:21] $output
INFO [2024-12-01 02:43:21] [1] TRUE
INFO [2024-12-01 02:43:21] 
INFO [2024-12-01 02:43:21] $fill
INFO [2024-12-01 02:43:21] c("red", "green", "blue")
INFO [2024-12-01 02:43:21] 
INFO [2024-12-01 02:43:21] $alpha
INFO [2024-12-01 02:43:21] [1] 0.5
INFO [2024-12-01 02:43:21] 
INFO [2024-12-01 02:43:21] $cex
INFO [2024-12-01 02:43:21] [1] 0.75
INFO [2024-12-01 02:43:21] 
INFO [2024-12-01 02:43:21] $cat.cex
INFO [2024-12-01 02:43:21] [1] 0.75
INFO [2024-12-01 02:43:21] 
