INFO [2024-12-06 10:10:48] $x
INFO [2024-12-06 10:10:48] list(nodes_flagged_ids_betweenness$node_id, nodes_flagged_ids_eigenvector$node_id)
INFO [2024-12-06 10:10:48] 
INFO [2024-12-06 10:10:48] $category.names
INFO [2024-12-06 10:10:48] c("Betweenness Centrality", "Eigenvector Centrality")
INFO [2024-12-06 10:10:48] 
INFO [2024-12-06 10:10:48] $filename
INFO [2024-12-06 10:10:48] NULL
INFO [2024-12-06 10:10:48] 
INFO [2024-12-06 10:10:48] $main
INFO [2024-12-06 10:10:48] [1] "Venn Diagram of the number of Overlapping Flagged Nodes from the different centrality metrics"
INFO [2024-12-06 10:10:48] 
INFO [2024-12-06 10:10:48] $output
INFO [2024-12-06 10:10:48] [1] TRUE
INFO [2024-12-06 10:10:48] 
INFO [2024-12-06 10:10:48] $fill
INFO [2024-12-06 10:10:48] c("red", "green")
INFO [2024-12-06 10:10:48] 
INFO [2024-12-06 10:10:48] $alpha
INFO [2024-12-06 10:10:48] [1] 0.5
INFO [2024-12-06 10:10:48] 
INFO [2024-12-06 10:10:48] $cex
INFO [2024-12-06 10:10:48] [1] 0.75
INFO [2024-12-06 10:10:48] 
INFO [2024-12-06 10:10:48] $cat.cex
INFO [2024-12-06 10:10:48] [1] 0.7
INFO [2024-12-06 10:10:48] 
