INFO [2024-12-06 10:14:31] $x
INFO [2024-12-06 10:14:31] list(nodes_flagged_ids_betweenness$node_id, nodes_flagged_ids_eigenvector$node_id)
INFO [2024-12-06 10:14:31] 
INFO [2024-12-06 10:14:31] $category.names
INFO [2024-12-06 10:14:31] c("Betweenness Centrality", "Eigenvector Centrality")
INFO [2024-12-06 10:14:31] 
INFO [2024-12-06 10:14:31] $filename
INFO [2024-12-06 10:14:31] NULL
INFO [2024-12-06 10:14:31] 
INFO [2024-12-06 10:14:31] $main
INFO [2024-12-06 10:14:31] [1] "Venn Diagram of the number of Overlapping Flagged Nodes from the different centrality metrics"
INFO [2024-12-06 10:14:31] 
INFO [2024-12-06 10:14:31] $output
INFO [2024-12-06 10:14:31] [1] TRUE
INFO [2024-12-06 10:14:31] 
INFO [2024-12-06 10:14:31] $lwd
INFO [2024-12-06 10:14:31] [1] 1
INFO [2024-12-06 10:14:31] 
INFO [2024-12-06 10:14:31] $fill
INFO [2024-12-06 10:14:31] c("red", "green")
INFO [2024-12-06 10:14:31] 
INFO [2024-12-06 10:14:31] $alpha
INFO [2024-12-06 10:14:31] [1] 0.3
INFO [2024-12-06 10:14:31] 
INFO [2024-12-06 10:14:31] $cex
INFO [2024-12-06 10:14:31] [1] 0.75
INFO [2024-12-06 10:14:31] 
INFO [2024-12-06 10:14:31] $cat.cex
INFO [2024-12-06 10:14:31] [1] 0.65
INFO [2024-12-06 10:14:31] 
