INFO [2024-12-04 07:06:46] $x
INFO [2024-12-04 07:06:46] list(nodes_flagged_ids_betweenness$node_id, nodes_flagged_ids_eigenvector$node_id)
INFO [2024-12-04 07:06:46] 
INFO [2024-12-04 07:06:46] $category.names
INFO [2024-12-04 07:06:46] c("Betweenness Centrality", "Eigenvector Centrality")
INFO [2024-12-04 07:06:46] 
INFO [2024-12-04 07:06:46] $filename
INFO [2024-12-04 07:06:46] NULL
INFO [2024-12-04 07:06:46] 
INFO [2024-12-04 07:06:46] $main
INFO [2024-12-04 07:06:46] [1] "Venn Diagram of the number of Overlapping Flagged Nodes from the different centrality metrics"
INFO [2024-12-04 07:06:46] 
INFO [2024-12-04 07:06:46] $output
INFO [2024-12-04 07:06:46] [1] TRUE
INFO [2024-12-04 07:06:46] 
INFO [2024-12-04 07:06:46] $fill
INFO [2024-12-04 07:06:46] c("red", "green")
INFO [2024-12-04 07:06:46] 
INFO [2024-12-04 07:06:46] $alpha
INFO [2024-12-04 07:06:46] [1] 0.5
INFO [2024-12-04 07:06:46] 
INFO [2024-12-04 07:06:46] $cex
INFO [2024-12-04 07:06:46] [1] 0.75
INFO [2024-12-04 07:06:46] 
INFO [2024-12-04 07:06:46] $cat.cex
INFO [2024-12-04 07:06:46] [1] 0.75
INFO [2024-12-04 07:06:46] 
