INFO [2024-12-06 06:39:15] $x
INFO [2024-12-06 06:39:15] list(nodes_flagged_ids_betweenness$node_id, nodes_flagged_ids_eigenvector$node_id)
INFO [2024-12-06 06:39:15] 
INFO [2024-12-06 06:39:15] $category.names
INFO [2024-12-06 06:39:15] c("Betweenness Centrality", "Eigenvector Centrality")
INFO [2024-12-06 06:39:15] 
INFO [2024-12-06 06:39:15] $filename
INFO [2024-12-06 06:39:15] NULL
INFO [2024-12-06 06:39:15] 
INFO [2024-12-06 06:39:15] $main
INFO [2024-12-06 06:39:15] [1] "Venn Diagram of the number of Overlapping Flagged Nodes from the different centrality metrics"
INFO [2024-12-06 06:39:15] 
INFO [2024-12-06 06:39:15] $output
INFO [2024-12-06 06:39:15] [1] TRUE
INFO [2024-12-06 06:39:15] 
INFO [2024-12-06 06:39:15] $fill
INFO [2024-12-06 06:39:15] c("red", "green")
INFO [2024-12-06 06:39:15] 
INFO [2024-12-06 06:39:15] $alpha
INFO [2024-12-06 06:39:15] [1] 0.5
INFO [2024-12-06 06:39:15] 
INFO [2024-12-06 06:39:15] $cex
INFO [2024-12-06 06:39:15] [1] 0.75
INFO [2024-12-06 06:39:15] 
INFO [2024-12-06 06:39:15] $cat.cex
INFO [2024-12-06 06:39:15] [1] 0.75
INFO [2024-12-06 06:39:15] 
