INFO [2024-12-06 10:10:58] $x
INFO [2024-12-06 10:10:58] list(nodes_flagged_ids_betweenness$node_id, nodes_flagged_ids_eigenvector$node_id)
INFO [2024-12-06 10:10:58] 
INFO [2024-12-06 10:10:58] $category.names
INFO [2024-12-06 10:10:58] c("Betweenness Centrality", "Eigenvector Centrality")
INFO [2024-12-06 10:10:58] 
INFO [2024-12-06 10:10:58] $filename
INFO [2024-12-06 10:10:58] NULL
INFO [2024-12-06 10:10:58] 
INFO [2024-12-06 10:10:58] $main
INFO [2024-12-06 10:10:58] [1] "Venn Diagram of the number of Overlapping Flagged Nodes from the different centrality metrics"
INFO [2024-12-06 10:10:58] 
INFO [2024-12-06 10:10:58] $output
INFO [2024-12-06 10:10:58] [1] TRUE
INFO [2024-12-06 10:10:58] 
INFO [2024-12-06 10:10:58] $fill
INFO [2024-12-06 10:10:58] c("red", "green")
INFO [2024-12-06 10:10:58] 
INFO [2024-12-06 10:10:58] $alpha
INFO [2024-12-06 10:10:58] [1] 0.5
INFO [2024-12-06 10:10:58] 
INFO [2024-12-06 10:10:58] $cex
INFO [2024-12-06 10:10:58] [1] 0.75
INFO [2024-12-06 10:10:58] 
INFO [2024-12-06 10:10:58] $cat.cex
INFO [2024-12-06 10:10:58] [1] 0.65
INFO [2024-12-06 10:10:58] 
