INFO [2024-12-06 10:10:43] $x
INFO [2024-12-06 10:10:43] list(nodes_flagged_ids_betweenness$node_id, nodes_flagged_ids_eigenvector$node_id)
INFO [2024-12-06 10:10:43] 
INFO [2024-12-06 10:10:43] $category.names
INFO [2024-12-06 10:10:43] c("Betweenness Centrality", "Eigenvector Centrality")
INFO [2024-12-06 10:10:43] 
INFO [2024-12-06 10:10:43] $filename
INFO [2024-12-06 10:10:43] NULL
INFO [2024-12-06 10:10:43] 
INFO [2024-12-06 10:10:43] $main
INFO [2024-12-06 10:10:43] [1] "Venn Diagram of the number of Overlapping Flagged Nodes from the different centrality metrics"
INFO [2024-12-06 10:10:43] 
INFO [2024-12-06 10:10:43] $output
INFO [2024-12-06 10:10:43] [1] TRUE
INFO [2024-12-06 10:10:43] 
INFO [2024-12-06 10:10:43] $fill
INFO [2024-12-06 10:10:43] c("red", "green")
INFO [2024-12-06 10:10:43] 
INFO [2024-12-06 10:10:43] $alpha
INFO [2024-12-06 10:10:43] [1] 0.5
INFO [2024-12-06 10:10:43] 
INFO [2024-12-06 10:10:43] $cex
INFO [2024-12-06 10:10:43] [1] 0.75
INFO [2024-12-06 10:10:43] 
INFO [2024-12-06 10:10:43] $cat.cex
INFO [2024-12-06 10:10:43] [1] 0.5
INFO [2024-12-06 10:10:43] 
