INFO [2024-12-06 10:14:14] $x
INFO [2024-12-06 10:14:14] list(nodes_flagged_ids_betweenness$node_id, nodes_flagged_ids_eigenvector$node_id)
INFO [2024-12-06 10:14:14] 
INFO [2024-12-06 10:14:14] $category.names
INFO [2024-12-06 10:14:14] c("Betweenness Centrality", "Eigenvector Centrality")
INFO [2024-12-06 10:14:14] 
INFO [2024-12-06 10:14:14] $filename
INFO [2024-12-06 10:14:14] NULL
INFO [2024-12-06 10:14:14] 
INFO [2024-12-06 10:14:14] $main
INFO [2024-12-06 10:14:14] [1] "Venn Diagram of the number of Overlapping Flagged Nodes from the different centrality metrics"
INFO [2024-12-06 10:14:14] 
INFO [2024-12-06 10:14:14] $output
INFO [2024-12-06 10:14:14] [1] TRUE
INFO [2024-12-06 10:14:14] 
INFO [2024-12-06 10:14:14] $lwd
INFO [2024-12-06 10:14:14] [1] 5
INFO [2024-12-06 10:14:14] 
INFO [2024-12-06 10:14:14] $fill
INFO [2024-12-06 10:14:14] c("red", "green")
INFO [2024-12-06 10:14:14] 
INFO [2024-12-06 10:14:14] $alpha
INFO [2024-12-06 10:14:14] [1] 0.3
INFO [2024-12-06 10:14:14] 
INFO [2024-12-06 10:14:14] $cex
INFO [2024-12-06 10:14:14] [1] 0.75
INFO [2024-12-06 10:14:14] 
INFO [2024-12-06 10:14:14] $cat.cex
INFO [2024-12-06 10:14:14] [1] 0.65
INFO [2024-12-06 10:14:14] 
