INFO [2024-12-06 10:10:30] $x
INFO [2024-12-06 10:10:30] list(nodes_flagged_ids_betweenness$node_id, nodes_flagged_ids_eigenvector$node_id)
INFO [2024-12-06 10:10:30] 
INFO [2024-12-06 10:10:30] $category.names
INFO [2024-12-06 10:10:30] c("Betweenness Centrality", "Eigenvector Centrality")
INFO [2024-12-06 10:10:30] 
INFO [2024-12-06 10:10:30] $filename
INFO [2024-12-06 10:10:30] NULL
INFO [2024-12-06 10:10:30] 
INFO [2024-12-06 10:10:30] $main
INFO [2024-12-06 10:10:30] [1] "Venn Diagram of the number of Overlapping Flagged Nodes from the different centrality metrics"
INFO [2024-12-06 10:10:30] 
INFO [2024-12-06 10:10:30] $output
INFO [2024-12-06 10:10:30] [1] TRUE
INFO [2024-12-06 10:10:30] 
INFO [2024-12-06 10:10:30] $fill
INFO [2024-12-06 10:10:30] c("red", "green")
INFO [2024-12-06 10:10:30] 
INFO [2024-12-06 10:10:30] $alpha
INFO [2024-12-06 10:10:30] [1] 0.5
INFO [2024-12-06 10:10:30] 
INFO [2024-12-06 10:10:30] $cex
INFO [2024-12-06 10:10:30] [1] 0.75
INFO [2024-12-06 10:10:30] 
INFO [2024-12-06 10:10:30] $cat.cex
INFO [2024-12-06 10:10:30] [1] 0.8
INFO [2024-12-06 10:10:30] 
