INFO [2024-12-04 07:03:24] $x
INFO [2024-12-04 07:03:24] list(nodes_flagged_ids_betweenness$node_id, nodes_flagged_ids_eigenvector$node_id)
INFO [2024-12-04 07:03:24] 
INFO [2024-12-04 07:03:24] $category.names
INFO [2024-12-04 07:03:24] c("Betweenness Centrality", "Eigenvector Centrality")
INFO [2024-12-04 07:03:24] 
INFO [2024-12-04 07:03:24] $filename
INFO [2024-12-04 07:03:24] NULL
INFO [2024-12-04 07:03:24] 
INFO [2024-12-04 07:03:24] $main
INFO [2024-12-04 07:03:24] [1] "Venn Diagram of the number of Overlapping Flagged Nodes from the different centrality metrics"
INFO [2024-12-04 07:03:24] 
INFO [2024-12-04 07:03:24] $output
INFO [2024-12-04 07:03:24] [1] TRUE
INFO [2024-12-04 07:03:24] 
INFO [2024-12-04 07:03:24] $fill
INFO [2024-12-04 07:03:24] c("red", "green")
INFO [2024-12-04 07:03:24] 
INFO [2024-12-04 07:03:24] $alpha
INFO [2024-12-04 07:03:24] [1] 0.5
INFO [2024-12-04 07:03:24] 
INFO [2024-12-04 07:03:24] $cex
INFO [2024-12-04 07:03:24] [1] 0.75
INFO [2024-12-04 07:03:24] 
INFO [2024-12-04 07:03:24] $cat.cex
INFO [2024-12-04 07:03:24] [1] 0.75
INFO [2024-12-04 07:03:24] 
