INFO [2024-12-06 10:11:36] $x
INFO [2024-12-06 10:11:36] list(nodes_flagged_ids_betweenness$node_id, nodes_flagged_ids_eigenvector$node_id)
INFO [2024-12-06 10:11:36] 
INFO [2024-12-06 10:11:36] $category.names
INFO [2024-12-06 10:11:36] c("Betweenness Centrality", "Eigenvector Centrality")
INFO [2024-12-06 10:11:36] 
INFO [2024-12-06 10:11:36] $filename
INFO [2024-12-06 10:11:36] NULL
INFO [2024-12-06 10:11:36] 
INFO [2024-12-06 10:11:36] $main
INFO [2024-12-06 10:11:36] [1] "Venn Diagram of the number of Overlapping Flagged Nodes from the different centrality metrics"
INFO [2024-12-06 10:11:36] 
INFO [2024-12-06 10:11:36] $output
INFO [2024-12-06 10:11:36] [1] TRUE
INFO [2024-12-06 10:11:36] 
INFO [2024-12-06 10:11:36] $fill
INFO [2024-12-06 10:11:36] c("red", "green")
INFO [2024-12-06 10:11:36] 
INFO [2024-12-06 10:11:36] $alpha
INFO [2024-12-06 10:11:36] [1] 0.4
INFO [2024-12-06 10:11:36] 
INFO [2024-12-06 10:11:36] $cex
INFO [2024-12-06 10:11:36] [1] 0.75
INFO [2024-12-06 10:11:36] 
INFO [2024-12-06 10:11:36] $cat.cex
INFO [2024-12-06 10:11:36] [1] 0.65
INFO [2024-12-06 10:11:36] 
