INFO [2024-12-01 02:37:06] $x
INFO [2024-12-01 02:37:06] list(nodes_flagged_ids_betweenness, nodes_flagged_ids_eigenvector, 
INFO [2024-12-01 02:37:06]     nodes_flagged_ids_pagerank)
INFO [2024-12-01 02:37:06] 
INFO [2024-12-01 02:37:06] $category.names
INFO [2024-12-01 02:37:06] c("Betweenness Centrality", "Eigenvector Centrality", "PageRank Centrality")
INFO [2024-12-01 02:37:06] 
INFO [2024-12-01 02:37:06] $filename
INFO [2024-12-01 02:37:06] NULL
INFO [2024-12-01 02:37:06] 
INFO [2024-12-01 02:37:06] $main
INFO [2024-12-01 02:37:06] [1] "Venn Diagram of Overlapping Flagged Nodes from the different centrality metrics"
INFO [2024-12-01 02:37:06] 
INFO [2024-12-01 02:37:06] $output
INFO [2024-12-01 02:37:06] [1] TRUE
INFO [2024-12-01 02:37:06] 
INFO [2024-12-01 02:37:06] $fill
INFO [2024-12-01 02:37:06] c("red", "green", "blue")
INFO [2024-12-01 02:37:06] 
INFO [2024-12-01 02:37:06] $alpha
INFO [2024-12-01 02:37:06] [1] 0.5
INFO [2024-12-01 02:37:06] 
INFO [2024-12-01 02:37:06] $cex
INFO [2024-12-01 02:37:06] [1] 1.5
INFO [2024-12-01 02:37:06] 
INFO [2024-12-01 02:37:06] $cat.cex
INFO [2024-12-01 02:37:06] [1] 1.5
INFO [2024-12-01 02:37:06] 
