INFO [2024-12-01 03:02:52] $x
INFO [2024-12-01 03:02:52] list(nodes_flagged_ids_betweenness$node_id, nodes_flagged_ids_eigenvector$node_id, 
INFO [2024-12-01 03:02:52]     nodes_flagged_ids_pagerank$node_id)
INFO [2024-12-01 03:02:52] 
INFO [2024-12-01 03:02:52] $category.names
INFO [2024-12-01 03:02:52] c("Betweenness Centrality", "Eigenvector Centrality", "PageRank Centrality")
INFO [2024-12-01 03:02:52] 
INFO [2024-12-01 03:02:52] $filename
INFO [2024-12-01 03:02:52] NULL
INFO [2024-12-01 03:02:52] 
INFO [2024-12-01 03:02:52] $main
INFO [2024-12-01 03:02:52] [1] "Venn Diagram of the number of Overlapping Flagged Nodes from the different centrality metrics"
INFO [2024-12-01 03:02:52] 
INFO [2024-12-01 03:02:52] $output
INFO [2024-12-01 03:02:52] [1] TRUE
INFO [2024-12-01 03:02:52] 
INFO [2024-12-01 03:02:52] $fill
INFO [2024-12-01 03:02:52] c("red", "green", "blue")
INFO [2024-12-01 03:02:52] 
INFO [2024-12-01 03:02:52] $alpha
INFO [2024-12-01 03:02:52] [1] 0.5
INFO [2024-12-01 03:02:52] 
INFO [2024-12-01 03:02:52] $cex
INFO [2024-12-01 03:02:52] [1] 0.75
INFO [2024-12-01 03:02:52] 
INFO [2024-12-01 03:02:52] $cat.cex
INFO [2024-12-01 03:02:52] [1] 0.75
INFO [2024-12-01 03:02:52] 
