INFO [2024-12-01 02:41:08] $x
INFO [2024-12-01 02:41:08] list(nodes_flagged_ids_betweenness, nodes_flagged_ids_eigenvector, 
INFO [2024-12-01 02:41:08]     nodes_flagged_ids_pagerank)
INFO [2024-12-01 02:41:08] 
INFO [2024-12-01 02:41:08] $category.names
INFO [2024-12-01 02:41:08] c("Betweenness Centrality", "Eigenvector Centrality", "PageRank Centrality")
INFO [2024-12-01 02:41:08] 
INFO [2024-12-01 02:41:08] $filename
INFO [2024-12-01 02:41:08] NULL
INFO [2024-12-01 02:41:08] 
INFO [2024-12-01 02:41:08] $main
INFO [2024-12-01 02:41:08] [1] "Venn Diagram of Overlapping Flagged Nodes from the different centrality metrics"
INFO [2024-12-01 02:41:08] 
INFO [2024-12-01 02:41:08] $output
INFO [2024-12-01 02:41:08] [1] TRUE
INFO [2024-12-01 02:41:08] 
INFO [2024-12-01 02:41:08] $fill
INFO [2024-12-01 02:41:08] c("red", "green", "blue")
INFO [2024-12-01 02:41:08] 
INFO [2024-12-01 02:41:08] $alpha
INFO [2024-12-01 02:41:08] [1] 0.5
INFO [2024-12-01 02:41:08] 
INFO [2024-12-01 02:41:08] $cex
INFO [2024-12-01 02:41:08] [1] 0.5
INFO [2024-12-01 02:41:08] 
INFO [2024-12-01 02:41:08] $cat.cex
INFO [2024-12-01 02:41:08] [1] 0.5
INFO [2024-12-01 02:41:08] 
