INFO [2024-12-01 02:41:32] $x
INFO [2024-12-01 02:41:32] list(nodes_flagged_ids_betweenness, nodes_flagged_ids_eigenvector, 
INFO [2024-12-01 02:41:32]     nodes_flagged_ids_pagerank)
INFO [2024-12-01 02:41:32] 
INFO [2024-12-01 02:41:32] $category.names
INFO [2024-12-01 02:41:32] c("Betweenness Centrality", "Eigenvector Centrality", "PageRank Centrality")
INFO [2024-12-01 02:41:32] 
INFO [2024-12-01 02:41:32] $filename
INFO [2024-12-01 02:41:32] NULL
INFO [2024-12-01 02:41:32] 
INFO [2024-12-01 02:41:32] $main
INFO [2024-12-01 02:41:32] [1] "Venn Diagram of Overlapping Flagged Nodes from the different centrality metrics"
INFO [2024-12-01 02:41:32] 
INFO [2024-12-01 02:41:32] $output
INFO [2024-12-01 02:41:32] [1] TRUE
INFO [2024-12-01 02:41:32] 
INFO [2024-12-01 02:41:32] $fill
INFO [2024-12-01 02:41:32] c("red", "green", "blue")
INFO [2024-12-01 02:41:32] 
INFO [2024-12-01 02:41:32] $alpha
INFO [2024-12-01 02:41:32] [1] 0.5
INFO [2024-12-01 02:41:32] 
INFO [2024-12-01 02:41:32] $cex
INFO [2024-12-01 02:41:32] [1] 1
INFO [2024-12-01 02:41:32] 
INFO [2024-12-01 02:41:32] $cat.cex
INFO [2024-12-01 02:41:32] [1] 1
INFO [2024-12-01 02:41:32] 
