INFO [2024-12-01 02:39:24] $x
INFO [2024-12-01 02:39:24] list(nodes_flagged_ids_betweenness, nodes_flagged_ids_eigenvector, 
INFO [2024-12-01 02:39:24]     nodes_flagged_ids_pagerank)
INFO [2024-12-01 02:39:24] 
INFO [2024-12-01 02:39:24] $category.names
INFO [2024-12-01 02:39:24] c("Betweenness Centrality", "Eigenvector Centrality", "PageRank Centrality")
INFO [2024-12-01 02:39:24] 
INFO [2024-12-01 02:39:24] $filename
INFO [2024-12-01 02:39:24] NULL
INFO [2024-12-01 02:39:24] 
INFO [2024-12-01 02:39:24] $main
INFO [2024-12-01 02:39:24] [1] "Venn Diagram of Overlapping Flagged Nodes from the different centrality metrics"
INFO [2024-12-01 02:39:24] 
INFO [2024-12-01 02:39:24] $output
INFO [2024-12-01 02:39:24] [1] TRUE
INFO [2024-12-01 02:39:24] 
INFO [2024-12-01 02:39:24] $fill
INFO [2024-12-01 02:39:24] c("red", "green", "blue")
INFO [2024-12-01 02:39:24] 
INFO [2024-12-01 02:39:24] $alpha
INFO [2024-12-01 02:39:24] [1] 0.5
INFO [2024-12-01 02:39:24] 
INFO [2024-12-01 02:39:24] $cex
INFO [2024-12-01 02:39:24] [1] 1.5
INFO [2024-12-01 02:39:24] 
INFO [2024-12-01 02:39:24] $cat.cex
INFO [2024-12-01 02:39:24] [1] 1.5
INFO [2024-12-01 02:39:24] 
