INFO [2024-12-06 10:15:42] $x
INFO [2024-12-06 10:15:42] list(nodes_flagged_ids_betweenness$node_id, nodes_flagged_ids_eigenvector$node_id)
INFO [2024-12-06 10:15:42] 
INFO [2024-12-06 10:15:42] $category.names
INFO [2024-12-06 10:15:42] c("Betweenness Centrality", "Eigenvector Centrality")
INFO [2024-12-06 10:15:42] 
INFO [2024-12-06 10:15:42] $filename
INFO [2024-12-06 10:15:42] NULL
INFO [2024-12-06 10:15:42] 
INFO [2024-12-06 10:15:42] $width
INFO [2024-12-06 10:15:42] [1] 100
INFO [2024-12-06 10:15:42] 
INFO [2024-12-06 10:15:42] $main
INFO [2024-12-06 10:15:42] [1] "Venn Diagram of the number of Overlapping Flagged Nodes from the different centrality metrics"
INFO [2024-12-06 10:15:42] 
INFO [2024-12-06 10:15:42] $output
INFO [2024-12-06 10:15:42] [1] TRUE
INFO [2024-12-06 10:15:42] 
INFO [2024-12-06 10:15:42] $lwd
INFO [2024-12-06 10:15:42] [1] 1
INFO [2024-12-06 10:15:42] 
INFO [2024-12-06 10:15:42] $fill
INFO [2024-12-06 10:15:42] c("red", "green")
INFO [2024-12-06 10:15:42] 
INFO [2024-12-06 10:15:42] $alpha
INFO [2024-12-06 10:15:42] [1] 0.3
INFO [2024-12-06 10:15:42] 
INFO [2024-12-06 10:15:42] $cex
INFO [2024-12-06 10:15:42] [1] 0.75
INFO [2024-12-06 10:15:42] 
INFO [2024-12-06 10:15:42] $cat.cex
INFO [2024-12-06 10:15:42] [1] 0.65
INFO [2024-12-06 10:15:42] 
