INFO [2024-12-06 10:10:37] $x
INFO [2024-12-06 10:10:37] list(nodes_flagged_ids_betweenness$node_id, nodes_flagged_ids_eigenvector$node_id)
INFO [2024-12-06 10:10:37] 
INFO [2024-12-06 10:10:37] $category.names
INFO [2024-12-06 10:10:37] c("Betweenness Centrality", "Eigenvector Centrality")
INFO [2024-12-06 10:10:37] 
INFO [2024-12-06 10:10:37] $filename
INFO [2024-12-06 10:10:37] NULL
INFO [2024-12-06 10:10:37] 
INFO [2024-12-06 10:10:37] $main
INFO [2024-12-06 10:10:37] [1] "Venn Diagram of the number of Overlapping Flagged Nodes from the different centrality metrics"
INFO [2024-12-06 10:10:37] 
INFO [2024-12-06 10:10:37] $output
INFO [2024-12-06 10:10:37] [1] TRUE
INFO [2024-12-06 10:10:37] 
INFO [2024-12-06 10:10:37] $fill
INFO [2024-12-06 10:10:37] c("red", "green")
INFO [2024-12-06 10:10:37] 
INFO [2024-12-06 10:10:37] $alpha
INFO [2024-12-06 10:10:37] [1] 0.5
INFO [2024-12-06 10:10:37] 
INFO [2024-12-06 10:10:37] $cex
INFO [2024-12-06 10:10:37] [1] 0.75
INFO [2024-12-06 10:10:37] 
INFO [2024-12-06 10:10:37] $cat.cex
INFO [2024-12-06 10:10:37] [1] 0.2
INFO [2024-12-06 10:10:37] 
