INFO [2024-12-04 08:28:03] $x
INFO [2024-12-04 08:28:03] list(nodes_flagged_ids_betweenness$node_id, nodes_flagged_ids_eigenvector$node_id)
INFO [2024-12-04 08:28:03] 
INFO [2024-12-04 08:28:03] $category.names
INFO [2024-12-04 08:28:03] c("Betweenness Centrality", "Eigenvector Centrality")
INFO [2024-12-04 08:28:03] 
INFO [2024-12-04 08:28:03] $filename
INFO [2024-12-04 08:28:03] NULL
INFO [2024-12-04 08:28:03] 
INFO [2024-12-04 08:28:03] $main
INFO [2024-12-04 08:28:03] [1] "Venn Diagram of the number of Overlapping Flagged Nodes from the different centrality metrics"
INFO [2024-12-04 08:28:03] 
INFO [2024-12-04 08:28:03] $output
INFO [2024-12-04 08:28:03] [1] TRUE
INFO [2024-12-04 08:28:03] 
INFO [2024-12-04 08:28:03] $fill
INFO [2024-12-04 08:28:03] c("red", "green")
INFO [2024-12-04 08:28:03] 
INFO [2024-12-04 08:28:03] $alpha
INFO [2024-12-04 08:28:03] [1] 0.5
INFO [2024-12-04 08:28:03] 
INFO [2024-12-04 08:28:03] $cex
INFO [2024-12-04 08:28:03] [1] 0.75
INFO [2024-12-04 08:28:03] 
INFO [2024-12-04 08:28:03] $cat.cex
INFO [2024-12-04 08:28:03] [1] 0.75
INFO [2024-12-04 08:28:03] 
