INFO [2024-12-06 10:11:40] $x
INFO [2024-12-06 10:11:40] list(nodes_flagged_ids_betweenness$node_id, nodes_flagged_ids_eigenvector$node_id)
INFO [2024-12-06 10:11:40] 
INFO [2024-12-06 10:11:40] $category.names
INFO [2024-12-06 10:11:40] c("Betweenness Centrality", "Eigenvector Centrality")
INFO [2024-12-06 10:11:40] 
INFO [2024-12-06 10:11:40] $filename
INFO [2024-12-06 10:11:40] NULL
INFO [2024-12-06 10:11:40] 
INFO [2024-12-06 10:11:40] $main
INFO [2024-12-06 10:11:40] [1] "Venn Diagram of the number of Overlapping Flagged Nodes from the different centrality metrics"
INFO [2024-12-06 10:11:40] 
INFO [2024-12-06 10:11:40] $output
INFO [2024-12-06 10:11:40] [1] TRUE
INFO [2024-12-06 10:11:40] 
INFO [2024-12-06 10:11:40] $fill
INFO [2024-12-06 10:11:40] c("red", "green")
INFO [2024-12-06 10:11:40] 
INFO [2024-12-06 10:11:40] $alpha
INFO [2024-12-06 10:11:40] [1] 0.3
INFO [2024-12-06 10:11:40] 
INFO [2024-12-06 10:11:40] $cex
INFO [2024-12-06 10:11:40] [1] 0.75
INFO [2024-12-06 10:11:40] 
INFO [2024-12-06 10:11:40] $cat.cex
INFO [2024-12-06 10:11:40] [1] 0.65
INFO [2024-12-06 10:11:40] 
